The system is: Linux - 2.6.32-431.23.3.el6.x86_64 - x86_64
Compiling the C compiler identification source file "CMakeCCompilerId.c" succeeded.
Compiler: /usr/lib64/ccache/cc 
Build flags: 
Id flags: 

The output was:
0


Compilation of the C compiler identification source "CMakeCCompilerId.c" produced "a.out"

The C compiler identification is GNU, found in "/sbia/home/bergman/MASS/MASS_1.1.0/build-centos6/CMakeFiles/2.8.10.2/CompilerIdC/a.out"

Compiling the CXX compiler identification source file "CMakeCXXCompilerId.cpp" succeeded.
Compiler: /usr/lib64/ccache/c++ 
Build flags: 
Id flags: 

The output was:
0


Compilation of the CXX compiler identification source "CMakeCXXCompilerId.cpp" produced "a.out"

The CXX compiler identification is GNU, found in "/sbia/home/bergman/MASS/MASS_1.1.0/build-centos6/CMakeFiles/2.8.10.2/CompilerIdCXX/a.out"

Determining if the C compiler works passed with the following output:
Change Dir: /sbia/home/bergman/MASS/MASS_1.1.0/build-centos6/CMakeFiles/CMakeTmp

Run Build Command:/usr/bin/gmake "cmTryCompileExec615252216/fast"
/usr/bin/gmake -f CMakeFiles/cmTryCompileExec615252216.dir/build.make CMakeFiles/cmTryCompileExec615252216.dir/build
gmake[1]: Entering directory `/sbia/home/bergman/MASS/MASS_1.1.0/build-centos6/CMakeFiles/CMakeTmp'
/sbia/sbiasfw/external/cmake/centos5/2.8.10.2/bin/cmake -E cmake_progress_report /sbia/home/bergman/MASS/MASS_1.1.0/build-centos6/CMakeFiles/CMakeTmp/CMakeFiles 1
Building C object CMakeFiles/cmTryCompileExec615252216.dir/testCCompiler.c.o
/usr/lib64/ccache/cc    -o CMakeFiles/cmTryCompileExec615252216.dir/testCCompiler.c.o   -c /sbia/home/bergman/MASS/MASS_1.1.0/build-centos6/CMakeFiles/CMakeTmp/testCCompiler.c
Linking C executable cmTryCompileExec615252216
/sbia/sbiasfw/external/cmake/centos5/2.8.10.2/bin/cmake -E cmake_link_script CMakeFiles/cmTryCompileExec615252216.dir/link.txt --verbose=1
/usr/lib64/ccache/cc         CMakeFiles/cmTryCompileExec615252216.dir/testCCompiler.c.o  -o cmTryCompileExec615252216 -rdynamic 
gmake[1]: Leaving directory `/sbia/home/bergman/MASS/MASS_1.1.0/build-centos6/CMakeFiles/CMakeTmp'


Detecting C compiler ABI info compiled with the following output:
Change Dir: /sbia/home/bergman/MASS/MASS_1.1.0/build-centos6/CMakeFiles/CMakeTmp

Run Build Command:/usr/bin/gmake "cmTryCompileExec2389442479/fast"
/usr/bin/gmake -f CMakeFiles/cmTryCompileExec2389442479.dir/build.make CMakeFiles/cmTryCompileExec2389442479.dir/build
gmake[1]: Entering directory `/sbia/home/bergman/MASS/MASS_1.1.0/build-centos6/CMakeFiles/CMakeTmp'
/sbia/sbiasfw/external/cmake/centos5/2.8.10.2/bin/cmake -E cmake_progress_report /sbia/home/bergman/MASS/MASS_1.1.0/build-centos6/CMakeFiles/CMakeTmp/CMakeFiles 1
Building C object CMakeFiles/cmTryCompileExec2389442479.dir/CMakeCCompilerABI.c.o
/usr/lib64/ccache/cc    -o CMakeFiles/cmTryCompileExec2389442479.dir/CMakeCCompilerABI.c.o   -c /sbia/sbiasfw/external/cmake/centos5/2.8.10.2/share/cmake-2.8/Modules/CMakeCCompilerABI.c
Linking C executable cmTryCompileExec2389442479
/sbia/sbiasfw/external/cmake/centos5/2.8.10.2/bin/cmake -E cmake_link_script CMakeFiles/cmTryCompileExec2389442479.dir/link.txt --verbose=1
/usr/lib64/ccache/cc       -v CMakeFiles/cmTryCompileExec2389442479.dir/CMakeCCompilerABI.c.o  -o cmTryCompileExec2389442479 -rdynamic  
Using built-in specs.
Target: x86_64-redhat-linux
Configured with: ../configure --prefix=/usr --mandir=/usr/share/man --infodir=/usr/share/info --with-bugurl=http://bugzilla.redhat.com/bugzilla --enable-bootstrap --enable-shared --enable-threads=posix --enable-checking=release --with-system-zlib --enable-__cxa_atexit --disable-libunwind-exceptions --enable-gnu-unique-object --enable-languages=c,c++,objc,obj-c++,java,fortran,ada --enable-java-awt=gtk --disable-dssi --with-java-home=/usr/lib/jvm/java-1.5.0-gcj-1.5.0.0/jre --enable-libgcj-multifile --enable-java-maintainer-mode --with-ecj-jar=/usr/share/java/eclipse-ecj.jar --disable-libjava-multilib --with-ppl --with-cloog --with-tune=generic --with-arch_32=i686 --build=x86_64-redhat-linux
Thread model: posix
gcc version 4.4.7 20120313 (Red Hat 4.4.7-4) (GCC) 
COMPILER_PATH=/usr/libexec/gcc/x86_64-redhat-linux/4.4.7/:/usr/libexec/gcc/x86_64-redhat-linux/4.4.7/:/usr/libexec/gcc/x86_64-redhat-linux/:/usr/lib/gcc/x86_64-redhat-linux/4.4.7/:/usr/lib/gcc/x86_64-redhat-linux/:/usr/libexec/gcc/x86_64-redhat-linux/4.4.7/:/usr/libexec/gcc/x86_64-redhat-linux/:/usr/lib/gcc/x86_64-redhat-linux/4.4.7/:/usr/lib/gcc/x86_64-redhat-linux/
LIBRARY_PATH=/usr/lib/gcc/x86_64-redhat-linux/4.4.7/:/usr/lib/gcc/x86_64-redhat-linux/4.4.7/:/usr/lib/gcc/x86_64-redhat-linux/4.4.7/../../../../lib64/:/lib/../lib64/:/usr/lib/../lib64/:/usr/lib/gcc/x86_64-redhat-linux/4.4.7/../../../:/lib/:/usr/lib/
COLLECT_GCC_OPTIONS='-v' '-o' 'cmTryCompileExec2389442479' '-rdynamic' '-mtune=generic'
 /usr/libexec/gcc/x86_64-redhat-linux/4.4.7/collect2 --eh-frame-hdr --build-id -m elf_x86_64 --hash-style=gnu -export-dynamic -dynamic-linker /lib64/ld-linux-x86-64.so.2 -o cmTryCompileExec2389442479 /usr/lib/gcc/x86_64-redhat-linux/4.4.7/../../../../lib64/crt1.o /usr/lib/gcc/x86_64-redhat-linux/4.4.7/../../../../lib64/crti.o /usr/lib/gcc/x86_64-redhat-linux/4.4.7/crtbegin.o -L/usr/lib/gcc/x86_64-redhat-linux/4.4.7 -L/usr/lib/gcc/x86_64-redhat-linux/4.4.7 -L/usr/lib/gcc/x86_64-redhat-linux/4.4.7/../../../../lib64 -L/lib/../lib64 -L/usr/lib/../lib64 -L/usr/lib/gcc/x86_64-redhat-linux/4.4.7/../../.. CMakeFiles/cmTryCompileExec2389442479.dir/CMakeCCompilerABI.c.o -lgcc --as-needed -lgcc_s --no-as-needed -lc -lgcc --as-needed -lgcc_s --no-as-needed /usr/lib/gcc/x86_64-redhat-linux/4.4.7/crtend.o /usr/lib/gcc/x86_64-redhat-linux/4.4.7/../../../../lib64/crtn.o
gmake[1]: Leaving directory `/sbia/home/bergman/MASS/MASS_1.1.0/build-centos6/CMakeFiles/CMakeTmp'


Parsed C implicit link information from above output:
  link line regex: [^( *|.*[/\])(ld|ld|collect2)[^/\]*( |$)]
  ignore line: [Change Dir: /sbia/home/bergman/MASS/MASS_1.1.0/build-centos6/CMakeFiles/CMakeTmp]
  ignore line: []
  ignore line: [Run Build Command:/usr/bin/gmake "cmTryCompileExec2389442479/fast"]
  ignore line: [/usr/bin/gmake -f CMakeFiles/cmTryCompileExec2389442479.dir/build.make CMakeFiles/cmTryCompileExec2389442479.dir/build]
  ignore line: [gmake[1]: Entering directory `/sbia/home/bergman/MASS/MASS_1.1.0/build-centos6/CMakeFiles/CMakeTmp']
  ignore line: [/sbia/sbiasfw/external/cmake/centos5/2.8.10.2/bin/cmake -E cmake_progress_report /sbia/home/bergman/MASS/MASS_1.1.0/build-centos6/CMakeFiles/CMakeTmp/CMakeFiles 1]
  ignore line: [Building C object CMakeFiles/cmTryCompileExec2389442479.dir/CMakeCCompilerABI.c.o]
  ignore line: [/usr/lib64/ccache/cc    -o CMakeFiles/cmTryCompileExec2389442479.dir/CMakeCCompilerABI.c.o   -c /sbia/sbiasfw/external/cmake/centos5/2.8.10.2/share/cmake-2.8/Modules/CMakeCCompilerABI.c]
  ignore line: [Linking C executable cmTryCompileExec2389442479]
  ignore line: [/sbia/sbiasfw/external/cmake/centos5/2.8.10.2/bin/cmake -E cmake_link_script CMakeFiles/cmTryCompileExec2389442479.dir/link.txt --verbose=1]
  ignore line: [/usr/lib64/ccache/cc       -v CMakeFiles/cmTryCompileExec2389442479.dir/CMakeCCompilerABI.c.o  -o cmTryCompileExec2389442479 -rdynamic  ]
  ignore line: [Using built-in specs.]
  ignore line: [Target: x86_64-redhat-linux]
  ignore line: [Configured with: ../configure --prefix=/usr --mandir=/usr/share/man --infodir=/usr/share/info --with-bugurl=http://bugzilla.redhat.com/bugzilla --enable-bootstrap --enable-shared --enable-threads=posix --enable-checking=release --with-system-zlib --enable-__cxa_atexit --disable-libunwind-exceptions --enable-gnu-unique-object --enable-languages=c,c++,objc,obj-c++,java,fortran,ada --enable-java-awt=gtk --disable-dssi --with-java-home=/usr/lib/jvm/java-1.5.0-gcj-1.5.0.0/jre --enable-libgcj-multifile --enable-java-maintainer-mode --with-ecj-jar=/usr/share/java/eclipse-ecj.jar --disable-libjava-multilib --with-ppl --with-cloog --with-tune=generic --with-arch_32=i686 --build=x86_64-redhat-linux]
  ignore line: [Thread model: posix]
  ignore line: [gcc version 4.4.7 20120313 (Red Hat 4.4.7-4) (GCC) ]
  ignore line: [COMPILER_PATH=/usr/libexec/gcc/x86_64-redhat-linux/4.4.7/:/usr/libexec/gcc/x86_64-redhat-linux/4.4.7/:/usr/libexec/gcc/x86_64-redhat-linux/:/usr/lib/gcc/x86_64-redhat-linux/4.4.7/:/usr/lib/gcc/x86_64-redhat-linux/:/usr/libexec/gcc/x86_64-redhat-linux/4.4.7/:/usr/libexec/gcc/x86_64-redhat-linux/:/usr/lib/gcc/x86_64-redhat-linux/4.4.7/:/usr/lib/gcc/x86_64-redhat-linux/]
  ignore line: [LIBRARY_PATH=/usr/lib/gcc/x86_64-redhat-linux/4.4.7/:/usr/lib/gcc/x86_64-redhat-linux/4.4.7/:/usr/lib/gcc/x86_64-redhat-linux/4.4.7/../../../../lib64/:/lib/../lib64/:/usr/lib/../lib64/:/usr/lib/gcc/x86_64-redhat-linux/4.4.7/../../../:/lib/:/usr/lib/]
  ignore line: [COLLECT_GCC_OPTIONS='-v' '-o' 'cmTryCompileExec2389442479' '-rdynamic' '-mtune=generic']
  link line: [ /usr/libexec/gcc/x86_64-redhat-linux/4.4.7/collect2 --eh-frame-hdr --build-id -m elf_x86_64 --hash-style=gnu -export-dynamic -dynamic-linker /lib64/ld-linux-x86-64.so.2 -o cmTryCompileExec2389442479 /usr/lib/gcc/x86_64-redhat-linux/4.4.7/../../../../lib64/crt1.o /usr/lib/gcc/x86_64-redhat-linux/4.4.7/../../../../lib64/crti.o /usr/lib/gcc/x86_64-redhat-linux/4.4.7/crtbegin.o -L/usr/lib/gcc/x86_64-redhat-linux/4.4.7 -L/usr/lib/gcc/x86_64-redhat-linux/4.4.7 -L/usr/lib/gcc/x86_64-redhat-linux/4.4.7/../../../../lib64 -L/lib/../lib64 -L/usr/lib/../lib64 -L/usr/lib/gcc/x86_64-redhat-linux/4.4.7/../../.. CMakeFiles/cmTryCompileExec2389442479.dir/CMakeCCompilerABI.c.o -lgcc --as-needed -lgcc_s --no-as-needed -lc -lgcc --as-needed -lgcc_s --no-as-needed /usr/lib/gcc/x86_64-redhat-linux/4.4.7/crtend.o /usr/lib/gcc/x86_64-redhat-linux/4.4.7/../../../../lib64/crtn.o]
    arg [/usr/libexec/gcc/x86_64-redhat-linux/4.4.7/collect2] ==> ignore
    arg [--eh-frame-hdr] ==> ignore
    arg [--build-id] ==> ignore
    arg [-m] ==> ignore
    arg [elf_x86_64] ==> ignore
    arg [--hash-style=gnu] ==> ignore
    arg [-export-dynamic] ==> ignore
    arg [-dynamic-linker] ==> ignore
    arg [/lib64/ld-linux-x86-64.so.2] ==> ignore
    arg [-o] ==> ignore
    arg [cmTryCompileExec2389442479] ==> ignore
    arg [/usr/lib/gcc/x86_64-redhat-linux/4.4.7/../../../../lib64/crt1.o] ==> ignore
    arg [/usr/lib/gcc/x86_64-redhat-linux/4.4.7/../../../../lib64/crti.o] ==> ignore
    arg [/usr/lib/gcc/x86_64-redhat-linux/4.4.7/crtbegin.o] ==> ignore
    arg [-L/usr/lib/gcc/x86_64-redhat-linux/4.4.7] ==> dir [/usr/lib/gcc/x86_64-redhat-linux/4.4.7]
    arg [-L/usr/lib/gcc/x86_64-redhat-linux/4.4.7] ==> dir [/usr/lib/gcc/x86_64-redhat-linux/4.4.7]
    arg [-L/usr/lib/gcc/x86_64-redhat-linux/4.4.7/../../../../lib64] ==> dir [/usr/lib/gcc/x86_64-redhat-linux/4.4.7/../../../../lib64]
    arg [-L/lib/../lib64] ==> dir [/lib/../lib64]
    arg [-L/usr/lib/../lib64] ==> dir [/usr/lib/../lib64]
    arg [-L/usr/lib/gcc/x86_64-redhat-linux/4.4.7/../../..] ==> dir [/usr/lib/gcc/x86_64-redhat-linux/4.4.7/../../..]
    arg [CMakeFiles/cmTryCompileExec2389442479.dir/CMakeCCompilerABI.c.o] ==> ignore
    arg [-lgcc] ==> lib [gcc]
    arg [--as-needed] ==> ignore
    arg [-lgcc_s] ==> lib [gcc_s]
    arg [--no-as-needed] ==> ignore
    arg [-lc] ==> lib [c]
    arg [-lgcc] ==> lib [gcc]
    arg [--as-needed] ==> ignore
    arg [-lgcc_s] ==> lib [gcc_s]
    arg [--no-as-needed] ==> ignore
    arg [/usr/lib/gcc/x86_64-redhat-linux/4.4.7/crtend.o] ==> ignore
    arg [/usr/lib/gcc/x86_64-redhat-linux/4.4.7/../../../../lib64/crtn.o] ==> ignore
  remove lib [gcc]
  remove lib [gcc_s]
  remove lib [gcc]
  remove lib [gcc_s]
  collapse dir [/usr/lib/gcc/x86_64-redhat-linux/4.4.7] ==> [/usr/lib/gcc/x86_64-redhat-linux/4.4.7]
  collapse dir [/usr/lib/gcc/x86_64-redhat-linux/4.4.7] ==> [/usr/lib/gcc/x86_64-redhat-linux/4.4.7]
  collapse dir [/usr/lib/gcc/x86_64-redhat-linux/4.4.7/../../../../lib64] ==> [/usr/lib64]
  collapse dir [/lib/../lib64] ==> [/lib64]
  collapse dir [/usr/lib/../lib64] ==> [/usr/lib64]
  collapse dir [/usr/lib/gcc/x86_64-redhat-linux/4.4.7/../../..] ==> [/usr/lib]
  implicit libs: [c]
  implicit dirs: [/usr/lib/gcc/x86_64-redhat-linux/4.4.7;/usr/lib64;/lib64;/usr/lib]


Determining if the CXX compiler works passed with the following output:
Change Dir: /sbia/home/bergman/MASS/MASS_1.1.0/build-centos6/CMakeFiles/CMakeTmp

Run Build Command:/usr/bin/gmake "cmTryCompileExec1102874159/fast"
/usr/bin/gmake -f CMakeFiles/cmTryCompileExec1102874159.dir/build.make CMakeFiles/cmTryCompileExec1102874159.dir/build
gmake[1]: Entering directory `/sbia/home/bergman/MASS/MASS_1.1.0/build-centos6/CMakeFiles/CMakeTmp'
/sbia/sbiasfw/external/cmake/centos5/2.8.10.2/bin/cmake -E cmake_progress_report /sbia/home/bergman/MASS/MASS_1.1.0/build-centos6/CMakeFiles/CMakeTmp/CMakeFiles 1
Building CXX object CMakeFiles/cmTryCompileExec1102874159.dir/testCXXCompiler.cxx.o
/usr/lib64/ccache/c++     -o CMakeFiles/cmTryCompileExec1102874159.dir/testCXXCompiler.cxx.o -c /sbia/home/bergman/MASS/MASS_1.1.0/build-centos6/CMakeFiles/CMakeTmp/testCXXCompiler.cxx
Linking CXX executable cmTryCompileExec1102874159
/sbia/sbiasfw/external/cmake/centos5/2.8.10.2/bin/cmake -E cmake_link_script CMakeFiles/cmTryCompileExec1102874159.dir/link.txt --verbose=1
/usr/lib64/ccache/c++          CMakeFiles/cmTryCompileExec1102874159.dir/testCXXCompiler.cxx.o  -o cmTryCompileExec1102874159 -rdynamic 
gmake[1]: Leaving directory `/sbia/home/bergman/MASS/MASS_1.1.0/build-centos6/CMakeFiles/CMakeTmp'


Detecting CXX compiler ABI info compiled with the following output:
Change Dir: /sbia/home/bergman/MASS/MASS_1.1.0/build-centos6/CMakeFiles/CMakeTmp

Run Build Command:/usr/bin/gmake "cmTryCompileExec2233355588/fast"
/usr/bin/gmake -f CMakeFiles/cmTryCompileExec2233355588.dir/build.make CMakeFiles/cmTryCompileExec2233355588.dir/build
gmake[1]: Entering directory `/sbia/home/bergman/MASS/MASS_1.1.0/build-centos6/CMakeFiles/CMakeTmp'
/sbia/sbiasfw/external/cmake/centos5/2.8.10.2/bin/cmake -E cmake_progress_report /sbia/home/bergman/MASS/MASS_1.1.0/build-centos6/CMakeFiles/CMakeTmp/CMakeFiles 1
Building CXX object CMakeFiles/cmTryCompileExec2233355588.dir/CMakeCXXCompilerABI.cpp.o
/usr/lib64/ccache/c++     -o CMakeFiles/cmTryCompileExec2233355588.dir/CMakeCXXCompilerABI.cpp.o -c /sbia/sbiasfw/external/cmake/centos5/2.8.10.2/share/cmake-2.8/Modules/CMakeCXXCompilerABI.cpp
Linking CXX executable cmTryCompileExec2233355588
/sbia/sbiasfw/external/cmake/centos5/2.8.10.2/bin/cmake -E cmake_link_script CMakeFiles/cmTryCompileExec2233355588.dir/link.txt --verbose=1
/usr/lib64/ccache/c++        -v CMakeFiles/cmTryCompileExec2233355588.dir/CMakeCXXCompilerABI.cpp.o  -o cmTryCompileExec2233355588 -rdynamic  
Using built-in specs.
Target: x86_64-redhat-linux
Configured with: ../configure --prefix=/usr --mandir=/usr/share/man --infodir=/usr/share/info --with-bugurl=http://bugzilla.redhat.com/bugzilla --enable-bootstrap --enable-shared --enable-threads=posix --enable-checking=release --with-system-zlib --enable-__cxa_atexit --disable-libunwind-exceptions --enable-gnu-unique-object --enable-languages=c,c++,objc,obj-c++,java,fortran,ada --enable-java-awt=gtk --disable-dssi --with-java-home=/usr/lib/jvm/java-1.5.0-gcj-1.5.0.0/jre --enable-libgcj-multifile --enable-java-maintainer-mode --with-ecj-jar=/usr/share/java/eclipse-ecj.jar --disable-libjava-multilib --with-ppl --with-cloog --with-tune=generic --with-arch_32=i686 --build=x86_64-redhat-linux
Thread model: posix
gcc version 4.4.7 20120313 (Red Hat 4.4.7-4) (GCC) 
COMPILER_PATH=/usr/libexec/gcc/x86_64-redhat-linux/4.4.7/:/usr/libexec/gcc/x86_64-redhat-linux/4.4.7/:/usr/libexec/gcc/x86_64-redhat-linux/:/usr/lib/gcc/x86_64-redhat-linux/4.4.7/:/usr/lib/gcc/x86_64-redhat-linux/:/usr/libexec/gcc/x86_64-redhat-linux/4.4.7/:/usr/libexec/gcc/x86_64-redhat-linux/:/usr/lib/gcc/x86_64-redhat-linux/4.4.7/:/usr/lib/gcc/x86_64-redhat-linux/
LIBRARY_PATH=/usr/lib/gcc/x86_64-redhat-linux/4.4.7/:/usr/lib/gcc/x86_64-redhat-linux/4.4.7/:/usr/lib/gcc/x86_64-redhat-linux/4.4.7/../../../../lib64/:/lib/../lib64/:/usr/lib/../lib64/:/usr/lib/gcc/x86_64-redhat-linux/4.4.7/../../../:/lib/:/usr/lib/
COLLECT_GCC_OPTIONS='-v' '-o' 'cmTryCompileExec2233355588' '-rdynamic' '-shared-libgcc' '-mtune=generic'
 /usr/libexec/gcc/x86_64-redhat-linux/4.4.7/collect2 --eh-frame-hdr --build-id -m elf_x86_64 --hash-style=gnu -export-dynamic -dynamic-linker /lib64/ld-linux-x86-64.so.2 -o cmTryCompileExec2233355588 /usr/lib/gcc/x86_64-redhat-linux/4.4.7/../../../../lib64/crt1.o /usr/lib/gcc/x86_64-redhat-linux/4.4.7/../../../../lib64/crti.o /usr/lib/gcc/x86_64-redhat-linux/4.4.7/crtbegin.o -L/usr/lib/gcc/x86_64-redhat-linux/4.4.7 -L/usr/lib/gcc/x86_64-redhat-linux/4.4.7 -L/usr/lib/gcc/x86_64-redhat-linux/4.4.7/../../../../lib64 -L/lib/../lib64 -L/usr/lib/../lib64 -L/usr/lib/gcc/x86_64-redhat-linux/4.4.7/../../.. CMakeFiles/cmTryCompileExec2233355588.dir/CMakeCXXCompilerABI.cpp.o -lstdc++ -lm -lgcc_s -lgcc -lc -lgcc_s -lgcc /usr/lib/gcc/x86_64-redhat-linux/4.4.7/crtend.o /usr/lib/gcc/x86_64-redhat-linux/4.4.7/../../../../lib64/crtn.o
gmake[1]: Leaving directory `/sbia/home/bergman/MASS/MASS_1.1.0/build-centos6/CMakeFiles/CMakeTmp'


Parsed CXX implicit link information from above output:
  link line regex: [^( *|.*[/\])(ld|ld|collect2)[^/\]*( |$)]
  ignore line: [Change Dir: /sbia/home/bergman/MASS/MASS_1.1.0/build-centos6/CMakeFiles/CMakeTmp]
  ignore line: []
  ignore line: [Run Build Command:/usr/bin/gmake "cmTryCompileExec2233355588/fast"]
  ignore line: [/usr/bin/gmake -f CMakeFiles/cmTryCompileExec2233355588.dir/build.make CMakeFiles/cmTryCompileExec2233355588.dir/build]
  ignore line: [gmake[1]: Entering directory `/sbia/home/bergman/MASS/MASS_1.1.0/build-centos6/CMakeFiles/CMakeTmp']
  ignore line: [/sbia/sbiasfw/external/cmake/centos5/2.8.10.2/bin/cmake -E cmake_progress_report /sbia/home/bergman/MASS/MASS_1.1.0/build-centos6/CMakeFiles/CMakeTmp/CMakeFiles 1]
  ignore line: [Building CXX object CMakeFiles/cmTryCompileExec2233355588.dir/CMakeCXXCompilerABI.cpp.o]
  ignore line: [/usr/lib64/ccache/c++     -o CMakeFiles/cmTryCompileExec2233355588.dir/CMakeCXXCompilerABI.cpp.o -c /sbia/sbiasfw/external/cmake/centos5/2.8.10.2/share/cmake-2.8/Modules/CMakeCXXCompilerABI.cpp]
  ignore line: [Linking CXX executable cmTryCompileExec2233355588]
  ignore line: [/sbia/sbiasfw/external/cmake/centos5/2.8.10.2/bin/cmake -E cmake_link_script CMakeFiles/cmTryCompileExec2233355588.dir/link.txt --verbose=1]
  ignore line: [/usr/lib64/ccache/c++        -v CMakeFiles/cmTryCompileExec2233355588.dir/CMakeCXXCompilerABI.cpp.o  -o cmTryCompileExec2233355588 -rdynamic  ]
  ignore line: [Using built-in specs.]
  ignore line: [Target: x86_64-redhat-linux]
  ignore line: [Configured with: ../configure --prefix=/usr --mandir=/usr/share/man --infodir=/usr/share/info --with-bugurl=http://bugzilla.redhat.com/bugzilla --enable-bootstrap --enable-shared --enable-threads=posix --enable-checking=release --with-system-zlib --enable-__cxa_atexit --disable-libunwind-exceptions --enable-gnu-unique-object --enable-languages=c,c++,objc,obj-c++,java,fortran,ada --enable-java-awt=gtk --disable-dssi --with-java-home=/usr/lib/jvm/java-1.5.0-gcj-1.5.0.0/jre --enable-libgcj-multifile --enable-java-maintainer-mode --with-ecj-jar=/usr/share/java/eclipse-ecj.jar --disable-libjava-multilib --with-ppl --with-cloog --with-tune=generic --with-arch_32=i686 --build=x86_64-redhat-linux]
  ignore line: [Thread model: posix]
  ignore line: [gcc version 4.4.7 20120313 (Red Hat 4.4.7-4) (GCC) ]
  ignore line: [COMPILER_PATH=/usr/libexec/gcc/x86_64-redhat-linux/4.4.7/:/usr/libexec/gcc/x86_64-redhat-linux/4.4.7/:/usr/libexec/gcc/x86_64-redhat-linux/:/usr/lib/gcc/x86_64-redhat-linux/4.4.7/:/usr/lib/gcc/x86_64-redhat-linux/:/usr/libexec/gcc/x86_64-redhat-linux/4.4.7/:/usr/libexec/gcc/x86_64-redhat-linux/:/usr/lib/gcc/x86_64-redhat-linux/4.4.7/:/usr/lib/gcc/x86_64-redhat-linux/]
  ignore line: [LIBRARY_PATH=/usr/lib/gcc/x86_64-redhat-linux/4.4.7/:/usr/lib/gcc/x86_64-redhat-linux/4.4.7/:/usr/lib/gcc/x86_64-redhat-linux/4.4.7/../../../../lib64/:/lib/../lib64/:/usr/lib/../lib64/:/usr/lib/gcc/x86_64-redhat-linux/4.4.7/../../../:/lib/:/usr/lib/]
  ignore line: [COLLECT_GCC_OPTIONS='-v' '-o' 'cmTryCompileExec2233355588' '-rdynamic' '-shared-libgcc' '-mtune=generic']
  link line: [ /usr/libexec/gcc/x86_64-redhat-linux/4.4.7/collect2 --eh-frame-hdr --build-id -m elf_x86_64 --hash-style=gnu -export-dynamic -dynamic-linker /lib64/ld-linux-x86-64.so.2 -o cmTryCompileExec2233355588 /usr/lib/gcc/x86_64-redhat-linux/4.4.7/../../../../lib64/crt1.o /usr/lib/gcc/x86_64-redhat-linux/4.4.7/../../../../lib64/crti.o /usr/lib/gcc/x86_64-redhat-linux/4.4.7/crtbegin.o -L/usr/lib/gcc/x86_64-redhat-linux/4.4.7 -L/usr/lib/gcc/x86_64-redhat-linux/4.4.7 -L/usr/lib/gcc/x86_64-redhat-linux/4.4.7/../../../../lib64 -L/lib/../lib64 -L/usr/lib/../lib64 -L/usr/lib/gcc/x86_64-redhat-linux/4.4.7/../../.. CMakeFiles/cmTryCompileExec2233355588.dir/CMakeCXXCompilerABI.cpp.o -lstdc++ -lm -lgcc_s -lgcc -lc -lgcc_s -lgcc /usr/lib/gcc/x86_64-redhat-linux/4.4.7/crtend.o /usr/lib/gcc/x86_64-redhat-linux/4.4.7/../../../../lib64/crtn.o]
    arg [/usr/libexec/gcc/x86_64-redhat-linux/4.4.7/collect2] ==> ignore
    arg [--eh-frame-hdr] ==> ignore
    arg [--build-id] ==> ignore
    arg [-m] ==> ignore
    arg [elf_x86_64] ==> ignore
    arg [--hash-style=gnu] ==> ignore
    arg [-export-dynamic] ==> ignore
    arg [-dynamic-linker] ==> ignore
    arg [/lib64/ld-linux-x86-64.so.2] ==> ignore
    arg [-o] ==> ignore
    arg [cmTryCompileExec2233355588] ==> ignore
    arg [/usr/lib/gcc/x86_64-redhat-linux/4.4.7/../../../../lib64/crt1.o] ==> ignore
    arg [/usr/lib/gcc/x86_64-redhat-linux/4.4.7/../../../../lib64/crti.o] ==> ignore
    arg [/usr/lib/gcc/x86_64-redhat-linux/4.4.7/crtbegin.o] ==> ignore
    arg [-L/usr/lib/gcc/x86_64-redhat-linux/4.4.7] ==> dir [/usr/lib/gcc/x86_64-redhat-linux/4.4.7]
    arg [-L/usr/lib/gcc/x86_64-redhat-linux/4.4.7] ==> dir [/usr/lib/gcc/x86_64-redhat-linux/4.4.7]
    arg [-L/usr/lib/gcc/x86_64-redhat-linux/4.4.7/../../../../lib64] ==> dir [/usr/lib/gcc/x86_64-redhat-linux/4.4.7/../../../../lib64]
    arg [-L/lib/../lib64] ==> dir [/lib/../lib64]
    arg [-L/usr/lib/../lib64] ==> dir [/usr/lib/../lib64]
    arg [-L/usr/lib/gcc/x86_64-redhat-linux/4.4.7/../../..] ==> dir [/usr/lib/gcc/x86_64-redhat-linux/4.4.7/../../..]
    arg [CMakeFiles/cmTryCompileExec2233355588.dir/CMakeCXXCompilerABI.cpp.o] ==> ignore
    arg [-lstdc++] ==> lib [stdc++]
    arg [-lm] ==> lib [m]
    arg [-lgcc_s] ==> lib [gcc_s]
    arg [-lgcc] ==> lib [gcc]
    arg [-lc] ==> lib [c]
    arg [-lgcc_s] ==> lib [gcc_s]
    arg [-lgcc] ==> lib [gcc]
    arg [/usr/lib/gcc/x86_64-redhat-linux/4.4.7/crtend.o] ==> ignore
    arg [/usr/lib/gcc/x86_64-redhat-linux/4.4.7/../../../../lib64/crtn.o] ==> ignore
  remove lib [gcc_s]
  remove lib [gcc]
  remove lib [gcc_s]
  remove lib [gcc]
  collapse dir [/usr/lib/gcc/x86_64-redhat-linux/4.4.7] ==> [/usr/lib/gcc/x86_64-redhat-linux/4.4.7]
  collapse dir [/usr/lib/gcc/x86_64-redhat-linux/4.4.7] ==> [/usr/lib/gcc/x86_64-redhat-linux/4.4.7]
  collapse dir [/usr/lib/gcc/x86_64-redhat-linux/4.4.7/../../../../lib64] ==> [/usr/lib64]
  collapse dir [/lib/../lib64] ==> [/lib64]
  collapse dir [/usr/lib/../lib64] ==> [/usr/lib64]
  collapse dir [/usr/lib/gcc/x86_64-redhat-linux/4.4.7/../../..] ==> [/usr/lib]
  implicit libs: [stdc++;m;c]
  implicit dirs: [/usr/lib/gcc/x86_64-redhat-linux/4.4.7;/usr/lib64;/lib64;/usr/lib]


Determining if the include file sys/types.h exists passed with the following output:
Change Dir: /sbia/home/bergman/MASS/MASS_1.1.0/build-centos6/CMakeFiles/CMakeTmp

Run Build Command:/usr/bin/gmake "cmTryCompileExec3426273476/fast"
/usr/bin/gmake -f CMakeFiles/cmTryCompileExec3426273476.dir/build.make CMakeFiles/cmTryCompileExec3426273476.dir/build
gmake[1]: Entering directory `/sbia/home/bergman/MASS/MASS_1.1.0/build-centos6/CMakeFiles/CMakeTmp'
/sbia/sbiasfw/external/cmake/centos5/2.8.10.2/bin/cmake -E cmake_progress_report /sbia/home/bergman/MASS/MASS_1.1.0/build-centos6/CMakeFiles/CMakeTmp/CMakeFiles 1
Building C object CMakeFiles/cmTryCompileExec3426273476.dir/CheckIncludeFile.c.o
/usr/lib64/ccache/cc    -o CMakeFiles/cmTryCompileExec3426273476.dir/CheckIncludeFile.c.o   -c /sbia/home/bergman/MASS/MASS_1.1.0/build-centos6/CMakeFiles/CMakeTmp/CheckIncludeFile.c
Linking C executable cmTryCompileExec3426273476
/sbia/sbiasfw/external/cmake/centos5/2.8.10.2/bin/cmake -E cmake_link_script CMakeFiles/cmTryCompileExec3426273476.dir/link.txt --verbose=1
/usr/lib64/ccache/cc         CMakeFiles/cmTryCompileExec3426273476.dir/CheckIncludeFile.c.o  -o cmTryCompileExec3426273476 -rdynamic 
gmake[1]: Leaving directory `/sbia/home/bergman/MASS/MASS_1.1.0/build-centos6/CMakeFiles/CMakeTmp'


Determining if the include file stdint.h exists passed with the following output:
Change Dir: /sbia/home/bergman/MASS/MASS_1.1.0/build-centos6/CMakeFiles/CMakeTmp

Run Build Command:/usr/bin/gmake "cmTryCompileExec1820529902/fast"
/usr/bin/gmake -f CMakeFiles/cmTryCompileExec1820529902.dir/build.make CMakeFiles/cmTryCompileExec1820529902.dir/build
gmake[1]: Entering directory `/sbia/home/bergman/MASS/MASS_1.1.0/build-centos6/CMakeFiles/CMakeTmp'
/sbia/sbiasfw/external/cmake/centos5/2.8.10.2/bin/cmake -E cmake_progress_report /sbia/home/bergman/MASS/MASS_1.1.0/build-centos6/CMakeFiles/CMakeTmp/CMakeFiles 1
Building C object CMakeFiles/cmTryCompileExec1820529902.dir/CheckIncludeFile.c.o
/usr/lib64/ccache/cc    -o CMakeFiles/cmTryCompileExec1820529902.dir/CheckIncludeFile.c.o   -c /sbia/home/bergman/MASS/MASS_1.1.0/build-centos6/CMakeFiles/CMakeTmp/CheckIncludeFile.c
Linking C executable cmTryCompileExec1820529902
/sbia/sbiasfw/external/cmake/centos5/2.8.10.2/bin/cmake -E cmake_link_script CMakeFiles/cmTryCompileExec1820529902.dir/link.txt --verbose=1
/usr/lib64/ccache/cc         CMakeFiles/cmTryCompileExec1820529902.dir/CheckIncludeFile.c.o  -o cmTryCompileExec1820529902 -rdynamic 
gmake[1]: Leaving directory `/sbia/home/bergman/MASS/MASS_1.1.0/build-centos6/CMakeFiles/CMakeTmp'


Determining if the include file stddef.h exists passed with the following output:
Change Dir: /sbia/home/bergman/MASS/MASS_1.1.0/build-centos6/CMakeFiles/CMakeTmp

Run Build Command:/usr/bin/gmake "cmTryCompileExec4078786535/fast"
/usr/bin/gmake -f CMakeFiles/cmTryCompileExec4078786535.dir/build.make CMakeFiles/cmTryCompileExec4078786535.dir/build
gmake[1]: Entering directory `/sbia/home/bergman/MASS/MASS_1.1.0/build-centos6/CMakeFiles/CMakeTmp'
/sbia/sbiasfw/external/cmake/centos5/2.8.10.2/bin/cmake -E cmake_progress_report /sbia/home/bergman/MASS/MASS_1.1.0/build-centos6/CMakeFiles/CMakeTmp/CMakeFiles 1
Building C object CMakeFiles/cmTryCompileExec4078786535.dir/CheckIncludeFile.c.o
/usr/lib64/ccache/cc    -o CMakeFiles/cmTryCompileExec4078786535.dir/CheckIncludeFile.c.o   -c /sbia/home/bergman/MASS/MASS_1.1.0/build-centos6/CMakeFiles/CMakeTmp/CheckIncludeFile.c
Linking C executable cmTryCompileExec4078786535
/sbia/sbiasfw/external/cmake/centos5/2.8.10.2/bin/cmake -E cmake_link_script CMakeFiles/cmTryCompileExec4078786535.dir/link.txt --verbose=1
/usr/lib64/ccache/cc         CMakeFiles/cmTryCompileExec4078786535.dir/CheckIncludeFile.c.o  -o cmTryCompileExec4078786535 -rdynamic 
gmake[1]: Leaving directory `/sbia/home/bergman/MASS/MASS_1.1.0/build-centos6/CMakeFiles/CMakeTmp'


Determining size of long long passed with the following output:
Change Dir: /sbia/home/bergman/MASS/MASS_1.1.0/build-centos6/CMakeFiles/CMakeTmp

Run Build Command:/usr/bin/gmake "cmTryCompileExec610987181/fast"
/usr/bin/gmake -f CMakeFiles/cmTryCompileExec610987181.dir/build.make CMakeFiles/cmTryCompileExec610987181.dir/build
gmake[1]: Entering directory `/sbia/home/bergman/MASS/MASS_1.1.0/build-centos6/CMakeFiles/CMakeTmp'
/sbia/sbiasfw/external/cmake/centos5/2.8.10.2/bin/cmake -E cmake_progress_report /sbia/home/bergman/MASS/MASS_1.1.0/build-centos6/CMakeFiles/CMakeTmp/CMakeFiles 1
Building C object CMakeFiles/cmTryCompileExec610987181.dir/LONG_LONG.c.o
/usr/lib64/ccache/cc    -o CMakeFiles/cmTryCompileExec610987181.dir/LONG_LONG.c.o   -c /sbia/home/bergman/MASS/MASS_1.1.0/build-centos6/CMakeFiles/CheckTypeSize/LONG_LONG.c
Linking C executable cmTryCompileExec610987181
/sbia/sbiasfw/external/cmake/centos5/2.8.10.2/bin/cmake -E cmake_link_script CMakeFiles/cmTryCompileExec610987181.dir/link.txt --verbose=1
/usr/lib64/ccache/cc         CMakeFiles/cmTryCompileExec610987181.dir/LONG_LONG.c.o  -o cmTryCompileExec610987181 -rdynamic 
gmake[1]: Leaving directory `/sbia/home/bergman/MASS/MASS_1.1.0/build-centos6/CMakeFiles/CMakeTmp'


Determining if the CXX compiler has sstream passed with the following output:
Change Dir: /sbia/home/bergman/MASS/MASS_1.1.0/build-centos6/CMakeFiles/CMakeTmp

Run Build Command:/usr/bin/gmake "cmTryCompileExec2427707969/fast"
/usr/bin/gmake -f CMakeFiles/cmTryCompileExec2427707969.dir/build.make CMakeFiles/cmTryCompileExec2427707969.dir/build
gmake[1]: Entering directory `/sbia/home/bergman/MASS/MASS_1.1.0/build-centos6/CMakeFiles/CMakeTmp'
/sbia/sbiasfw/external/cmake/centos5/2.8.10.2/bin/cmake -E cmake_progress_report /sbia/home/bergman/MASS/MASS_1.1.0/build-centos6/CMakeFiles/CMakeTmp/CMakeFiles 1
Building CXX object CMakeFiles/cmTryCompileExec2427707969.dir/TestForSSTREAM.cxx.o
/usr/lib64/ccache/c++     -o CMakeFiles/cmTryCompileExec2427707969.dir/TestForSSTREAM.cxx.o -c /sbia/sbiasfw/external/cmake/centos5/2.8.10.2/share/cmake-2.8/Modules/TestForSSTREAM.cxx
Linking CXX executable cmTryCompileExec2427707969
/sbia/sbiasfw/external/cmake/centos5/2.8.10.2/bin/cmake -E cmake_link_script CMakeFiles/cmTryCompileExec2427707969.dir/link.txt --verbose=1
/usr/lib64/ccache/c++          CMakeFiles/cmTryCompileExec2427707969.dir/TestForSSTREAM.cxx.o  -o cmTryCompileExec2427707969 -rdynamic 
gmake[1]: Leaving directory `/sbia/home/bergman/MASS/MASS_1.1.0/build-centos6/CMakeFiles/CMakeTmp'


Determining if the include file tr1/tuple exists passed with the following output:
Change Dir: /sbia/home/bergman/MASS/MASS_1.1.0/build-centos6/CMakeFiles/CMakeTmp

Run Build Command:/usr/bin/gmake "cmTryCompileExec1165290107/fast"
/usr/bin/gmake -f CMakeFiles/cmTryCompileExec1165290107.dir/build.make CMakeFiles/cmTryCompileExec1165290107.dir/build
gmake[1]: Entering directory `/sbia/home/bergman/MASS/MASS_1.1.0/build-centos6/CMakeFiles/CMakeTmp'
/sbia/sbiasfw/external/cmake/centos5/2.8.10.2/bin/cmake -E cmake_progress_report /sbia/home/bergman/MASS/MASS_1.1.0/build-centos6/CMakeFiles/CMakeTmp/CMakeFiles 1
Building CXX object CMakeFiles/cmTryCompileExec1165290107.dir/CheckIncludeFile.cxx.o
/usr/lib64/ccache/c++     -o CMakeFiles/cmTryCompileExec1165290107.dir/CheckIncludeFile.cxx.o -c /sbia/home/bergman/MASS/MASS_1.1.0/build-centos6/CMakeFiles/CMakeTmp/CheckIncludeFile.cxx
Linking CXX executable cmTryCompileExec1165290107
/sbia/sbiasfw/external/cmake/centos5/2.8.10.2/bin/cmake -E cmake_link_script CMakeFiles/cmTryCompileExec1165290107.dir/link.txt --verbose=1
/usr/lib64/ccache/c++          CMakeFiles/cmTryCompileExec1165290107.dir/CheckIncludeFile.cxx.o  -o cmTryCompileExec1165290107 -rdynamic 
gmake[1]: Leaving directory `/sbia/home/bergman/MASS/MASS_1.1.0/build-centos6/CMakeFiles/CMakeTmp'


Determining if files pthread.h exist passed with the following output:
Change Dir: /sbia/home/bergman/MASS/MASS_1.1.0/build-centos6/CMakeFiles/CMakeTmp

Run Build Command:/usr/bin/gmake "cmTryCompileExec1399856175/fast"
/usr/bin/gmake -f CMakeFiles/cmTryCompileExec1399856175.dir/build.make CMakeFiles/cmTryCompileExec1399856175.dir/build
gmake[1]: Entering directory `/sbia/home/bergman/MASS/MASS_1.1.0/build-centos6/CMakeFiles/CMakeTmp'
/sbia/sbiasfw/external/cmake/centos5/2.8.10.2/bin/cmake -E cmake_progress_report /sbia/home/bergman/MASS/MASS_1.1.0/build-centos6/CMakeFiles/CMakeTmp/CMakeFiles 1
Building C object CMakeFiles/cmTryCompileExec1399856175.dir/CheckIncludeFiles.c.o
/usr/lib64/ccache/cc    -o CMakeFiles/cmTryCompileExec1399856175.dir/CheckIncludeFiles.c.o   -c /sbia/home/bergman/MASS/MASS_1.1.0/build-centos6/CMakeFiles/CMakeTmp/CheckIncludeFiles.c
Linking C executable cmTryCompileExec1399856175
/sbia/sbiasfw/external/cmake/centos5/2.8.10.2/bin/cmake -E cmake_link_script CMakeFiles/cmTryCompileExec1399856175.dir/link.txt --verbose=1
/usr/lib64/ccache/cc         CMakeFiles/cmTryCompileExec1399856175.dir/CheckIncludeFiles.c.o  -o cmTryCompileExec1399856175 -rdynamic 
gmake[1]: Leaving directory `/sbia/home/bergman/MASS/MASS_1.1.0/build-centos6/CMakeFiles/CMakeTmp'


Determining if the function pthread_create exists in the pthread passed with the following output:
Change Dir: /sbia/home/bergman/MASS/MASS_1.1.0/build-centos6/CMakeFiles/CMakeTmp

Run Build Command:/usr/bin/gmake "cmTryCompileExec4033247921/fast"
/usr/bin/gmake -f CMakeFiles/cmTryCompileExec4033247921.dir/build.make CMakeFiles/cmTryCompileExec4033247921.dir/build
gmake[1]: Entering directory `/sbia/home/bergman/MASS/MASS_1.1.0/build-centos6/CMakeFiles/CMakeTmp'
/sbia/sbiasfw/external/cmake/centos5/2.8.10.2/bin/cmake -E cmake_progress_report /sbia/home/bergman/MASS/MASS_1.1.0/build-centos6/CMakeFiles/CMakeTmp/CMakeFiles 1
Building C object CMakeFiles/cmTryCompileExec4033247921.dir/CheckFunctionExists.c.o
/usr/lib64/ccache/cc   -DCHECK_FUNCTION_EXISTS=pthread_create   -o CMakeFiles/cmTryCompileExec4033247921.dir/CheckFunctionExists.c.o   -c /sbia/sbiasfw/external/cmake/centos5/2.8.10.2/share/cmake-2.8/Modules/CheckFunctionExists.c
Linking C executable cmTryCompileExec4033247921
/sbia/sbiasfw/external/cmake/centos5/2.8.10.2/bin/cmake -E cmake_link_script CMakeFiles/cmTryCompileExec4033247921.dir/link.txt --verbose=1
/usr/lib64/ccache/cc     -DCHECK_FUNCTION_EXISTS=pthread_create    CMakeFiles/cmTryCompileExec4033247921.dir/CheckFunctionExists.c.o  -o cmTryCompileExec4033247921 -rdynamic -lpthread 
gmake[1]: Leaving directory `/sbia/home/bergman/MASS/MASS_1.1.0/build-centos6/CMakeFiles/CMakeTmp'


