Determining if the pthread_create exist failed with the following output:
Change Dir: /sbia/home/bergman/MASS/MASS_1.1.0/build-centos6/CMakeFiles/CMakeTmp

Run Build Command:/usr/bin/gmake "cmTryCompileExec3334189277/fast"
/usr/bin/gmake -f CMakeFiles/cmTryCompileExec3334189277.dir/build.make CMakeFiles/cmTryCompileExec3334189277.dir/build
gmake[1]: Entering directory `/sbia/home/bergman/MASS/MASS_1.1.0/build-centos6/CMakeFiles/CMakeTmp'
/sbia/sbiasfw/external/cmake/centos5/2.8.10.2/bin/cmake -E cmake_progress_report /sbia/home/bergman/MASS/MASS_1.1.0/build-centos6/CMakeFiles/CMakeTmp/CMakeFiles 1
Building C object CMakeFiles/cmTryCompileExec3334189277.dir/CheckSymbolExists.c.o
/usr/lib64/ccache/cc    -o CMakeFiles/cmTryCompileExec3334189277.dir/CheckSymbolExists.c.o   -c /sbia/home/bergman/MASS/MASS_1.1.0/build-centos6/CMakeFiles/CMakeTmp/CheckSymbolExists.c
Linking C executable cmTryCompileExec3334189277
/sbia/sbiasfw/external/cmake/centos5/2.8.10.2/bin/cmake -E cmake_link_script CMakeFiles/cmTryCompileExec3334189277.dir/link.txt --verbose=1
/usr/lib64/ccache/cc         CMakeFiles/cmTryCompileExec3334189277.dir/CheckSymbolExists.c.o  -o cmTryCompileExec3334189277 -rdynamic 
CMakeFiles/cmTryCompileExec3334189277.dir/CheckSymbolExists.c.o: In function `main':
CheckSymbolExists.c:(.text+0xc): undefined reference to `pthread_create'
collect2: ld returned 1 exit status
gmake[1]: Leaving directory `/sbia/home/bergman/MASS/MASS_1.1.0/build-centos6/CMakeFiles/CMakeTmp'
gmake[1]: *** [cmTryCompileExec3334189277] Error 1
gmake: *** [cmTryCompileExec3334189277/fast] Error 2

File /sbia/home/bergman/MASS/MASS_1.1.0/build-centos6/CMakeFiles/CMakeTmp/CheckSymbolExists.c:
/* */
#include <pthread.h>

int main(int argc, char** argv)
{
  (void)argv;
#ifndef pthread_create
  return ((int*)(&pthread_create))[argc];
#else
  (void)argc;
  return 0;
#endif
}

Determining if the function pthread_create exists in the pthreads failed with the following output:
Change Dir: /sbia/home/bergman/MASS/MASS_1.1.0/build-centos6/CMakeFiles/CMakeTmp

Run Build Command:/usr/bin/gmake "cmTryCompileExec1008199905/fast"
/usr/bin/gmake -f CMakeFiles/cmTryCompileExec1008199905.dir/build.make CMakeFiles/cmTryCompileExec1008199905.dir/build
gmake[1]: Entering directory `/sbia/home/bergman/MASS/MASS_1.1.0/build-centos6/CMakeFiles/CMakeTmp'
/sbia/sbiasfw/external/cmake/centos5/2.8.10.2/bin/cmake -E cmake_progress_report /sbia/home/bergman/MASS/MASS_1.1.0/build-centos6/CMakeFiles/CMakeTmp/CMakeFiles 1
Building C object CMakeFiles/cmTryCompileExec1008199905.dir/CheckFunctionExists.c.o
/usr/lib64/ccache/cc   -DCHECK_FUNCTION_EXISTS=pthread_create   -o CMakeFiles/cmTryCompileExec1008199905.dir/CheckFunctionExists.c.o   -c /sbia/sbiasfw/external/cmake/centos5/2.8.10.2/share/cmake-2.8/Modules/CheckFunctionExists.c
Linking C executable cmTryCompileExec1008199905
/sbia/sbiasfw/external/cmake/centos5/2.8.10.2/bin/cmake -E cmake_link_script CMakeFiles/cmTryCompileExec1008199905.dir/link.txt --verbose=1
/usr/lib64/ccache/cc     -DCHECK_FUNCTION_EXISTS=pthread_create    CMakeFiles/cmTryCompileExec1008199905.dir/CheckFunctionExists.c.o  -o cmTryCompileExec1008199905 -rdynamic -lpthreads 
/usr/bin/ld: cannot find -lpthreads
collect2: ld returned 1 exit status
gmake[1]: *** [cmTryCompileExec1008199905] Error 1
gmake[1]: Leaving directory `/sbia/home/bergman/MASS/MASS_1.1.0/build-centos6/CMakeFiles/CMakeTmp'
gmake: *** [cmTryCompileExec1008199905/fast] Error 2


