\BOOKMARK [1][-]{section.1}{About the Algorithm}{}
\BOOKMARK [2][-]{subsection.1.1}{Template Selection}{section.1}
\BOOKMARK [2][-]{subsection.1.2}{Registration}{section.1}
\BOOKMARK [2][-]{subsection.1.3}{Label Fusion}{section.1}
\BOOKMARK [1][-]{section.2}{Download}{}
\BOOKMARK [2][-]{subsection.2.1}{Software License}{section.2}
\BOOKMARK [2][-]{subsection.2.2}{Documentation}{section.2}
\BOOKMARK [2][-]{subsection.2.3}{System Requirements}{section.2}
\BOOKMARK [2][-]{subsection.2.4}{Register for Download}{section.2}
\BOOKMARK [1][-]{section.3}{Installation}{}
\BOOKMARK [2][-]{subsection.3.1}{Prerequisites}{section.3}
\BOOKMARK [2][-]{subsection.3.2}{Job Scheduler}{section.3}
\BOOKMARK [2][-]{subsection.3.3}{Configure}{section.3}
\BOOKMARK [2][-]{subsection.3.4}{Build}{section.3}
\BOOKMARK [2][-]{subsection.3.5}{Test}{section.3}
\BOOKMARK [2][-]{subsection.3.6}{Install}{section.3}
\BOOKMARK [1][-]{section.4}{Manual}{}
\BOOKMARK [2][-]{subsection.4.1}{General Processing Pipeline}{section.4}
\BOOKMARK [2][-]{subsection.4.2}{Template Selection}{section.4}
\BOOKMARK [2][-]{subsection.4.3}{MASS Default Command}{section.4}
\BOOKMARK [2][-]{subsection.4.4}{MASS Options}{section.4}
\BOOKMARK [2][-]{subsection.4.5}{Threshold Jacobian Rank Mask}{section.4}
\BOOKMARK [1][-]{section.5}{Publications}{}
\BOOKMARK [2][-]{subsection.5.1}{Methodology}{section.5}
\BOOKMARK [2][-]{subsection.5.2}{Validation}{section.5}
\BOOKMARK [1][-]{section.6}{People}{}
\BOOKMARK [2][-]{subsection.6.1}{Advisors}{section.6}
\BOOKMARK [2][-]{subsection.6.2}{Software Development}{section.6}
\BOOKMARK [2][-]{subsection.6.3}{Contributors}{section.6}
\BOOKMARK [2][-]{subsection.6.4}{Testers}{section.6}
\BOOKMARK [1][-]{section*.3}{Bibliography}{}
