Determining if the pthread_create exist failed with the following output:
Change Dir: /sbia/home/bergman/MASS/MASS_1.1.0/build-centos5/CMakeFiles/CMakeTmp

Run Build Command:/usr/bin/gmake "cmTryCompileExec2977477188/fast"
/usr/bin/gmake -f CMakeFiles/cmTryCompileExec2977477188.dir/build.make CMakeFiles/cmTryCompileExec2977477188.dir/build
gmake[1]: Entering directory `/gpfs/sbia/home/bergman/MASS/MASS_1.1.0/build-centos5/CMakeFiles/CMakeTmp'
/sbia/sbiasfw/external/cmake/centos5/2.8.10.2/bin/cmake -E cmake_progress_report /sbia/home/bergman/MASS/MASS_1.1.0/build-centos5/CMakeFiles/CMakeTmp/CMakeFiles 1
Building C object CMakeFiles/cmTryCompileExec2977477188.dir/CheckSymbolExists.c.o
/usr/bin/cc    -o CMakeFiles/cmTryCompileExec2977477188.dir/CheckSymbolExists.c.o   -c /sbia/home/bergman/MASS/MASS_1.1.0/build-centos5/CMakeFiles/CMakeTmp/CheckSymbolExists.c
Linking C executable cmTryCompileExec2977477188
/sbia/sbiasfw/external/cmake/centos5/2.8.10.2/bin/cmake -E cmake_link_script CMakeFiles/cmTryCompileExec2977477188.dir/link.txt --verbose=1
/usr/bin/cc         CMakeFiles/cmTryCompileExec2977477188.dir/CheckSymbolExists.c.o  -o cmTryCompileExec2977477188 -rdynamic 
CMakeFiles/cmTryCompileExec2977477188.dir/CheckSymbolExists.c.o: In function `main':
CheckSymbolExists.c:(.text+0x18): undefined reference to `pthread_create'
collect2: ld returned 1 exit status
gmake[1]: *** [cmTryCompileExec2977477188] Error 1
gmake[1]: Leaving directory `/gpfs/sbia/home/bergman/MASS/MASS_1.1.0/build-centos5/CMakeFiles/CMakeTmp'
gmake: *** [cmTryCompileExec2977477188/fast] Error 2

File /sbia/home/bergman/MASS/MASS_1.1.0/build-centos5/CMakeFiles/CMakeTmp/CheckSymbolExists.c:
/* */
#include <pthread.h>

int main(int argc, char** argv)
{
  (void)argv;
#ifndef pthread_create
  return ((int*)(&pthread_create))[argc];
#else
  (void)argc;
  return 0;
#endif
}

Determining if the function pthread_create exists in the pthreads failed with the following output:
Change Dir: /sbia/home/bergman/MASS/MASS_1.1.0/build-centos5/CMakeFiles/CMakeTmp

Run Build Command:/usr/bin/gmake "cmTryCompileExec2126862360/fast"
/usr/bin/gmake -f CMakeFiles/cmTryCompileExec2126862360.dir/build.make CMakeFiles/cmTryCompileExec2126862360.dir/build
gmake[1]: Entering directory `/gpfs/sbia/home/bergman/MASS/MASS_1.1.0/build-centos5/CMakeFiles/CMakeTmp'
/sbia/sbiasfw/external/cmake/centos5/2.8.10.2/bin/cmake -E cmake_progress_report /sbia/home/bergman/MASS/MASS_1.1.0/build-centos5/CMakeFiles/CMakeTmp/CMakeFiles 1
Building C object CMakeFiles/cmTryCompileExec2126862360.dir/CheckFunctionExists.c.o
/usr/bin/cc   -DCHECK_FUNCTION_EXISTS=pthread_create   -o CMakeFiles/cmTryCompileExec2126862360.dir/CheckFunctionExists.c.o   -c /sbia/sbiasfw/external/cmake/centos5/2.8.10.2/share/cmake-2.8/Modules/CheckFunctionExists.c
Linking C executable cmTryCompileExec2126862360
/sbia/sbiasfw/external/cmake/centos5/2.8.10.2/bin/cmake -E cmake_link_script CMakeFiles/cmTryCompileExec2126862360.dir/link.txt --verbose=1
/usr/bin/cc     -DCHECK_FUNCTION_EXISTS=pthread_create    CMakeFiles/cmTryCompileExec2126862360.dir/CheckFunctionExists.c.o  -o cmTryCompileExec2126862360 -rdynamic -lpthreads 
/usr/bin/ld: cannot find -lpthreads
collect2: ld returned 1 exit status
gmake[1]: *** [cmTryCompileExec2126862360] Error 1
gmake[1]: Leaving directory `/gpfs/sbia/home/bergman/MASS/MASS_1.1.0/build-centos5/CMakeFiles/CMakeTmp'
gmake: *** [cmTryCompileExec2126862360/fast] Error 2


