The system is: Linux - 2.6.18-371.6.1.el5 - x86_64
Compiling the C compiler identification source file "CMakeCCompilerId.c" succeeded.
Compiler: /usr/bin/cc 
Build flags: 
Id flags: 

The output was:
0


Compilation of the C compiler identification source "CMakeCCompilerId.c" produced "a.out"

The C compiler identification is GNU, found in "/sbia/home/bergman/MASS/MASS_1.1.0/build-centos5/CMakeFiles/2.8.10.2/CompilerIdC/a.out"

Compiling the CXX compiler identification source file "CMakeCXXCompilerId.cpp" succeeded.
Compiler: /usr/bin/c++ 
Build flags: 
Id flags: 

The output was:
0


Compilation of the CXX compiler identification source "CMakeCXXCompilerId.cpp" produced "a.out"

The CXX compiler identification is GNU, found in "/sbia/home/bergman/MASS/MASS_1.1.0/build-centos5/CMakeFiles/2.8.10.2/CompilerIdCXX/a.out"

Determining if the C compiler works passed with the following output:
Change Dir: /sbia/home/bergman/MASS/MASS_1.1.0/build-centos5/CMakeFiles/CMakeTmp

Run Build Command:/usr/bin/gmake "cmTryCompileExec3524291845/fast"
/usr/bin/gmake -f CMakeFiles/cmTryCompileExec3524291845.dir/build.make CMakeFiles/cmTryCompileExec3524291845.dir/build
gmake[1]: Entering directory `/gpfs/sbia/home/bergman/MASS/MASS_1.1.0/build-centos5/CMakeFiles/CMakeTmp'
/sbia/sbiasfw/external/cmake/centos5/2.8.10.2/bin/cmake -E cmake_progress_report /sbia/home/bergman/MASS/MASS_1.1.0/build-centos5/CMakeFiles/CMakeTmp/CMakeFiles 1
Building C object CMakeFiles/cmTryCompileExec3524291845.dir/testCCompiler.c.o
/usr/bin/cc    -o CMakeFiles/cmTryCompileExec3524291845.dir/testCCompiler.c.o   -c /sbia/home/bergman/MASS/MASS_1.1.0/build-centos5/CMakeFiles/CMakeTmp/testCCompiler.c
Linking C executable cmTryCompileExec3524291845
/sbia/sbiasfw/external/cmake/centos5/2.8.10.2/bin/cmake -E cmake_link_script CMakeFiles/cmTryCompileExec3524291845.dir/link.txt --verbose=1
/usr/bin/cc         CMakeFiles/cmTryCompileExec3524291845.dir/testCCompiler.c.o  -o cmTryCompileExec3524291845 -rdynamic 
gmake[1]: Leaving directory `/gpfs/sbia/home/bergman/MASS/MASS_1.1.0/build-centos5/CMakeFiles/CMakeTmp'


Detecting C compiler ABI info compiled with the following output:
Change Dir: /sbia/home/bergman/MASS/MASS_1.1.0/build-centos5/CMakeFiles/CMakeTmp

Run Build Command:/usr/bin/gmake "cmTryCompileExec40395816/fast"
/usr/bin/gmake -f CMakeFiles/cmTryCompileExec40395816.dir/build.make CMakeFiles/cmTryCompileExec40395816.dir/build
gmake[1]: Entering directory `/gpfs/sbia/home/bergman/MASS/MASS_1.1.0/build-centos5/CMakeFiles/CMakeTmp'
/sbia/sbiasfw/external/cmake/centos5/2.8.10.2/bin/cmake -E cmake_progress_report /sbia/home/bergman/MASS/MASS_1.1.0/build-centos5/CMakeFiles/CMakeTmp/CMakeFiles 1
Building C object CMakeFiles/cmTryCompileExec40395816.dir/CMakeCCompilerABI.c.o
/usr/bin/cc    -o CMakeFiles/cmTryCompileExec40395816.dir/CMakeCCompilerABI.c.o   -c /sbia/sbiasfw/external/cmake/centos5/2.8.10.2/share/cmake-2.8/Modules/CMakeCCompilerABI.c
Linking C executable cmTryCompileExec40395816
/sbia/sbiasfw/external/cmake/centos5/2.8.10.2/bin/cmake -E cmake_link_script CMakeFiles/cmTryCompileExec40395816.dir/link.txt --verbose=1
/usr/bin/cc       -v CMakeFiles/cmTryCompileExec40395816.dir/CMakeCCompilerABI.c.o  -o cmTryCompileExec40395816 -rdynamic  
Using built-in specs.
Target: x86_64-redhat-linux
Configured with: ../configure --prefix=/usr --mandir=/usr/share/man --infodir=/usr/share/info --enable-shared --enable-threads=posix --enable-checking=release --with-system-zlib --enable-__cxa_atexit --disable-libunwind-exceptions --enable-libgcj-multifile --enable-languages=c,c++,objc,obj-c++,java,fortran,ada --enable-java-awt=gtk --disable-dssi --disable-plugin --with-java-home=/usr/lib/jvm/java-1.4.2-gcj-1.4.2.0/jre --with-cpu=generic --host=x86_64-redhat-linux
Thread model: posix
gcc version 4.1.2 20080704 (Red Hat 4.1.2-54)
 /usr/libexec/gcc/x86_64-redhat-linux/4.1.2/collect2 --eh-frame-hdr -m elf_x86_64 --hash-style=gnu -export-dynamic -dynamic-linker /lib64/ld-linux-x86-64.so.2 -o cmTryCompileExec40395816 /usr/lib/gcc/x86_64-redhat-linux/4.1.2/../../../../lib64/crt1.o /usr/lib/gcc/x86_64-redhat-linux/4.1.2/../../../../lib64/crti.o /usr/lib/gcc/x86_64-redhat-linux/4.1.2/crtbegin.o -L/usr/lib/gcc/x86_64-redhat-linux/4.1.2 -L/usr/lib/gcc/x86_64-redhat-linux/4.1.2 -L/usr/lib/gcc/x86_64-redhat-linux/4.1.2/../../../../lib64 -L/lib/../lib64 -L/usr/lib/../lib64 CMakeFiles/cmTryCompileExec40395816.dir/CMakeCCompilerABI.c.o -lgcc --as-needed -lgcc_s --no-as-needed -lc -lgcc --as-needed -lgcc_s --no-as-needed /usr/lib/gcc/x86_64-redhat-linux/4.1.2/crtend.o /usr/lib/gcc/x86_64-redhat-linux/4.1.2/../../../../lib64/crtn.o
gmake[1]: Leaving directory `/gpfs/sbia/home/bergman/MASS/MASS_1.1.0/build-centos5/CMakeFiles/CMakeTmp'


Parsed C implicit link information from above output:
  link line regex: [^( *|.*[/\])(ld|ld|collect2)[^/\]*( |$)]
  ignore line: [Change Dir: /sbia/home/bergman/MASS/MASS_1.1.0/build-centos5/CMakeFiles/CMakeTmp]
  ignore line: []
  ignore line: [Run Build Command:/usr/bin/gmake "cmTryCompileExec40395816/fast"]
  ignore line: [/usr/bin/gmake -f CMakeFiles/cmTryCompileExec40395816.dir/build.make CMakeFiles/cmTryCompileExec40395816.dir/build]
  ignore line: [gmake[1]: Entering directory `/gpfs/sbia/home/bergman/MASS/MASS_1.1.0/build-centos5/CMakeFiles/CMakeTmp']
  ignore line: [/sbia/sbiasfw/external/cmake/centos5/2.8.10.2/bin/cmake -E cmake_progress_report /sbia/home/bergman/MASS/MASS_1.1.0/build-centos5/CMakeFiles/CMakeTmp/CMakeFiles 1]
  ignore line: [Building C object CMakeFiles/cmTryCompileExec40395816.dir/CMakeCCompilerABI.c.o]
  ignore line: [/usr/bin/cc    -o CMakeFiles/cmTryCompileExec40395816.dir/CMakeCCompilerABI.c.o   -c /sbia/sbiasfw/external/cmake/centos5/2.8.10.2/share/cmake-2.8/Modules/CMakeCCompilerABI.c]
  ignore line: [Linking C executable cmTryCompileExec40395816]
  ignore line: [/sbia/sbiasfw/external/cmake/centos5/2.8.10.2/bin/cmake -E cmake_link_script CMakeFiles/cmTryCompileExec40395816.dir/link.txt --verbose=1]
  ignore line: [/usr/bin/cc       -v CMakeFiles/cmTryCompileExec40395816.dir/CMakeCCompilerABI.c.o  -o cmTryCompileExec40395816 -rdynamic  ]
  ignore line: [Using built-in specs.]
  ignore line: [Target: x86_64-redhat-linux]
  ignore line: [Configured with: ../configure --prefix=/usr --mandir=/usr/share/man --infodir=/usr/share/info --enable-shared --enable-threads=posix --enable-checking=release --with-system-zlib --enable-__cxa_atexit --disable-libunwind-exceptions --enable-libgcj-multifile --enable-languages=c,c++,objc,obj-c++,java,fortran,ada --enable-java-awt=gtk --disable-dssi --disable-plugin --with-java-home=/usr/lib/jvm/java-1.4.2-gcj-1.4.2.0/jre --with-cpu=generic --host=x86_64-redhat-linux]
  ignore line: [Thread model: posix]
  ignore line: [gcc version 4.1.2 20080704 (Red Hat 4.1.2-54)]
  link line: [ /usr/libexec/gcc/x86_64-redhat-linux/4.1.2/collect2 --eh-frame-hdr -m elf_x86_64 --hash-style=gnu -export-dynamic -dynamic-linker /lib64/ld-linux-x86-64.so.2 -o cmTryCompileExec40395816 /usr/lib/gcc/x86_64-redhat-linux/4.1.2/../../../../lib64/crt1.o /usr/lib/gcc/x86_64-redhat-linux/4.1.2/../../../../lib64/crti.o /usr/lib/gcc/x86_64-redhat-linux/4.1.2/crtbegin.o -L/usr/lib/gcc/x86_64-redhat-linux/4.1.2 -L/usr/lib/gcc/x86_64-redhat-linux/4.1.2 -L/usr/lib/gcc/x86_64-redhat-linux/4.1.2/../../../../lib64 -L/lib/../lib64 -L/usr/lib/../lib64 CMakeFiles/cmTryCompileExec40395816.dir/CMakeCCompilerABI.c.o -lgcc --as-needed -lgcc_s --no-as-needed -lc -lgcc --as-needed -lgcc_s --no-as-needed /usr/lib/gcc/x86_64-redhat-linux/4.1.2/crtend.o /usr/lib/gcc/x86_64-redhat-linux/4.1.2/../../../../lib64/crtn.o]
    arg [/usr/libexec/gcc/x86_64-redhat-linux/4.1.2/collect2] ==> ignore
    arg [--eh-frame-hdr] ==> ignore
    arg [-m] ==> ignore
    arg [elf_x86_64] ==> ignore
    arg [--hash-style=gnu] ==> ignore
    arg [-export-dynamic] ==> ignore
    arg [-dynamic-linker] ==> ignore
    arg [/lib64/ld-linux-x86-64.so.2] ==> ignore
    arg [-o] ==> ignore
    arg [cmTryCompileExec40395816] ==> ignore
    arg [/usr/lib/gcc/x86_64-redhat-linux/4.1.2/../../../../lib64/crt1.o] ==> ignore
    arg [/usr/lib/gcc/x86_64-redhat-linux/4.1.2/../../../../lib64/crti.o] ==> ignore
    arg [/usr/lib/gcc/x86_64-redhat-linux/4.1.2/crtbegin.o] ==> ignore
    arg [-L/usr/lib/gcc/x86_64-redhat-linux/4.1.2] ==> dir [/usr/lib/gcc/x86_64-redhat-linux/4.1.2]
    arg [-L/usr/lib/gcc/x86_64-redhat-linux/4.1.2] ==> dir [/usr/lib/gcc/x86_64-redhat-linux/4.1.2]
    arg [-L/usr/lib/gcc/x86_64-redhat-linux/4.1.2/../../../../lib64] ==> dir [/usr/lib/gcc/x86_64-redhat-linux/4.1.2/../../../../lib64]
    arg [-L/lib/../lib64] ==> dir [/lib/../lib64]
    arg [-L/usr/lib/../lib64] ==> dir [/usr/lib/../lib64]
    arg [CMakeFiles/cmTryCompileExec40395816.dir/CMakeCCompilerABI.c.o] ==> ignore
    arg [-lgcc] ==> lib [gcc]
    arg [--as-needed] ==> ignore
    arg [-lgcc_s] ==> lib [gcc_s]
    arg [--no-as-needed] ==> ignore
    arg [-lc] ==> lib [c]
    arg [-lgcc] ==> lib [gcc]
    arg [--as-needed] ==> ignore
    arg [-lgcc_s] ==> lib [gcc_s]
    arg [--no-as-needed] ==> ignore
    arg [/usr/lib/gcc/x86_64-redhat-linux/4.1.2/crtend.o] ==> ignore
    arg [/usr/lib/gcc/x86_64-redhat-linux/4.1.2/../../../../lib64/crtn.o] ==> ignore
  remove lib [gcc]
  remove lib [gcc_s]
  remove lib [gcc]
  remove lib [gcc_s]
  collapse dir [/usr/lib/gcc/x86_64-redhat-linux/4.1.2] ==> [/usr/lib/gcc/x86_64-redhat-linux/4.1.2]
  collapse dir [/usr/lib/gcc/x86_64-redhat-linux/4.1.2] ==> [/usr/lib/gcc/x86_64-redhat-linux/4.1.2]
  collapse dir [/usr/lib/gcc/x86_64-redhat-linux/4.1.2/../../../../lib64] ==> [/usr/lib64]
  collapse dir [/lib/../lib64] ==> [/lib64]
  collapse dir [/usr/lib/../lib64] ==> [/usr/lib64]
  implicit libs: [c]
  implicit dirs: [/usr/lib/gcc/x86_64-redhat-linux/4.1.2;/usr/lib64;/lib64]


Determining if the CXX compiler works passed with the following output:
Change Dir: /sbia/home/bergman/MASS/MASS_1.1.0/build-centos5/CMakeFiles/CMakeTmp

Run Build Command:/usr/bin/gmake "cmTryCompileExec4173611995/fast"
/usr/bin/gmake -f CMakeFiles/cmTryCompileExec4173611995.dir/build.make CMakeFiles/cmTryCompileExec4173611995.dir/build
gmake[1]: Entering directory `/gpfs/sbia/home/bergman/MASS/MASS_1.1.0/build-centos5/CMakeFiles/CMakeTmp'
/sbia/sbiasfw/external/cmake/centos5/2.8.10.2/bin/cmake -E cmake_progress_report /sbia/home/bergman/MASS/MASS_1.1.0/build-centos5/CMakeFiles/CMakeTmp/CMakeFiles 1
Building CXX object CMakeFiles/cmTryCompileExec4173611995.dir/testCXXCompiler.cxx.o
/usr/bin/c++     -o CMakeFiles/cmTryCompileExec4173611995.dir/testCXXCompiler.cxx.o -c /sbia/home/bergman/MASS/MASS_1.1.0/build-centos5/CMakeFiles/CMakeTmp/testCXXCompiler.cxx
Linking CXX executable cmTryCompileExec4173611995
/sbia/sbiasfw/external/cmake/centos5/2.8.10.2/bin/cmake -E cmake_link_script CMakeFiles/cmTryCompileExec4173611995.dir/link.txt --verbose=1
/usr/bin/c++          CMakeFiles/cmTryCompileExec4173611995.dir/testCXXCompiler.cxx.o  -o cmTryCompileExec4173611995 -rdynamic 
gmake[1]: Leaving directory `/gpfs/sbia/home/bergman/MASS/MASS_1.1.0/build-centos5/CMakeFiles/CMakeTmp'


Detecting CXX compiler ABI info compiled with the following output:
Change Dir: /sbia/home/bergman/MASS/MASS_1.1.0/build-centos5/CMakeFiles/CMakeTmp

Run Build Command:/usr/bin/gmake "cmTryCompileExec1324199603/fast"
/usr/bin/gmake -f CMakeFiles/cmTryCompileExec1324199603.dir/build.make CMakeFiles/cmTryCompileExec1324199603.dir/build
gmake[1]: Entering directory `/gpfs/sbia/home/bergman/MASS/MASS_1.1.0/build-centos5/CMakeFiles/CMakeTmp'
/sbia/sbiasfw/external/cmake/centos5/2.8.10.2/bin/cmake -E cmake_progress_report /sbia/home/bergman/MASS/MASS_1.1.0/build-centos5/CMakeFiles/CMakeTmp/CMakeFiles 1
Building CXX object CMakeFiles/cmTryCompileExec1324199603.dir/CMakeCXXCompilerABI.cpp.o
/usr/bin/c++     -o CMakeFiles/cmTryCompileExec1324199603.dir/CMakeCXXCompilerABI.cpp.o -c /sbia/sbiasfw/external/cmake/centos5/2.8.10.2/share/cmake-2.8/Modules/CMakeCXXCompilerABI.cpp
Linking CXX executable cmTryCompileExec1324199603
/sbia/sbiasfw/external/cmake/centos5/2.8.10.2/bin/cmake -E cmake_link_script CMakeFiles/cmTryCompileExec1324199603.dir/link.txt --verbose=1
/usr/bin/c++        -v CMakeFiles/cmTryCompileExec1324199603.dir/CMakeCXXCompilerABI.cpp.o  -o cmTryCompileExec1324199603 -rdynamic  
Using built-in specs.
Target: x86_64-redhat-linux
Configured with: ../configure --prefix=/usr --mandir=/usr/share/man --infodir=/usr/share/info --enable-shared --enable-threads=posix --enable-checking=release --with-system-zlib --enable-__cxa_atexit --disable-libunwind-exceptions --enable-libgcj-multifile --enable-languages=c,c++,objc,obj-c++,java,fortran,ada --enable-java-awt=gtk --disable-dssi --disable-plugin --with-java-home=/usr/lib/jvm/java-1.4.2-gcj-1.4.2.0/jre --with-cpu=generic --host=x86_64-redhat-linux
Thread model: posix
gcc version 4.1.2 20080704 (Red Hat 4.1.2-54)
 /usr/libexec/gcc/x86_64-redhat-linux/4.1.2/collect2 --eh-frame-hdr -m elf_x86_64 --hash-style=gnu -export-dynamic -dynamic-linker /lib64/ld-linux-x86-64.so.2 -o cmTryCompileExec1324199603 /usr/lib/gcc/x86_64-redhat-linux/4.1.2/../../../../lib64/crt1.o /usr/lib/gcc/x86_64-redhat-linux/4.1.2/../../../../lib64/crti.o /usr/lib/gcc/x86_64-redhat-linux/4.1.2/crtbegin.o -L/usr/lib/gcc/x86_64-redhat-linux/4.1.2 -L/usr/lib/gcc/x86_64-redhat-linux/4.1.2 -L/usr/lib/gcc/x86_64-redhat-linux/4.1.2/../../../../lib64 -L/lib/../lib64 -L/usr/lib/../lib64 CMakeFiles/cmTryCompileExec1324199603.dir/CMakeCXXCompilerABI.cpp.o -lstdc++ -lm -lgcc_s -lgcc -lc -lgcc_s -lgcc /usr/lib/gcc/x86_64-redhat-linux/4.1.2/crtend.o /usr/lib/gcc/x86_64-redhat-linux/4.1.2/../../../../lib64/crtn.o
gmake[1]: Leaving directory `/gpfs/sbia/home/bergman/MASS/MASS_1.1.0/build-centos5/CMakeFiles/CMakeTmp'


Parsed CXX implicit link information from above output:
  link line regex: [^( *|.*[/\])(ld|ld|collect2)[^/\]*( |$)]
  ignore line: [Change Dir: /sbia/home/bergman/MASS/MASS_1.1.0/build-centos5/CMakeFiles/CMakeTmp]
  ignore line: []
  ignore line: [Run Build Command:/usr/bin/gmake "cmTryCompileExec1324199603/fast"]
  ignore line: [/usr/bin/gmake -f CMakeFiles/cmTryCompileExec1324199603.dir/build.make CMakeFiles/cmTryCompileExec1324199603.dir/build]
  ignore line: [gmake[1]: Entering directory `/gpfs/sbia/home/bergman/MASS/MASS_1.1.0/build-centos5/CMakeFiles/CMakeTmp']
  ignore line: [/sbia/sbiasfw/external/cmake/centos5/2.8.10.2/bin/cmake -E cmake_progress_report /sbia/home/bergman/MASS/MASS_1.1.0/build-centos5/CMakeFiles/CMakeTmp/CMakeFiles 1]
  ignore line: [Building CXX object CMakeFiles/cmTryCompileExec1324199603.dir/CMakeCXXCompilerABI.cpp.o]
  ignore line: [/usr/bin/c++     -o CMakeFiles/cmTryCompileExec1324199603.dir/CMakeCXXCompilerABI.cpp.o -c /sbia/sbiasfw/external/cmake/centos5/2.8.10.2/share/cmake-2.8/Modules/CMakeCXXCompilerABI.cpp]
  ignore line: [Linking CXX executable cmTryCompileExec1324199603]
  ignore line: [/sbia/sbiasfw/external/cmake/centos5/2.8.10.2/bin/cmake -E cmake_link_script CMakeFiles/cmTryCompileExec1324199603.dir/link.txt --verbose=1]
  ignore line: [/usr/bin/c++        -v CMakeFiles/cmTryCompileExec1324199603.dir/CMakeCXXCompilerABI.cpp.o  -o cmTryCompileExec1324199603 -rdynamic  ]
  ignore line: [Using built-in specs.]
  ignore line: [Target: x86_64-redhat-linux]
  ignore line: [Configured with: ../configure --prefix=/usr --mandir=/usr/share/man --infodir=/usr/share/info --enable-shared --enable-threads=posix --enable-checking=release --with-system-zlib --enable-__cxa_atexit --disable-libunwind-exceptions --enable-libgcj-multifile --enable-languages=c,c++,objc,obj-c++,java,fortran,ada --enable-java-awt=gtk --disable-dssi --disable-plugin --with-java-home=/usr/lib/jvm/java-1.4.2-gcj-1.4.2.0/jre --with-cpu=generic --host=x86_64-redhat-linux]
  ignore line: [Thread model: posix]
  ignore line: [gcc version 4.1.2 20080704 (Red Hat 4.1.2-54)]
  link line: [ /usr/libexec/gcc/x86_64-redhat-linux/4.1.2/collect2 --eh-frame-hdr -m elf_x86_64 --hash-style=gnu -export-dynamic -dynamic-linker /lib64/ld-linux-x86-64.so.2 -o cmTryCompileExec1324199603 /usr/lib/gcc/x86_64-redhat-linux/4.1.2/../../../../lib64/crt1.o /usr/lib/gcc/x86_64-redhat-linux/4.1.2/../../../../lib64/crti.o /usr/lib/gcc/x86_64-redhat-linux/4.1.2/crtbegin.o -L/usr/lib/gcc/x86_64-redhat-linux/4.1.2 -L/usr/lib/gcc/x86_64-redhat-linux/4.1.2 -L/usr/lib/gcc/x86_64-redhat-linux/4.1.2/../../../../lib64 -L/lib/../lib64 -L/usr/lib/../lib64 CMakeFiles/cmTryCompileExec1324199603.dir/CMakeCXXCompilerABI.cpp.o -lstdc++ -lm -lgcc_s -lgcc -lc -lgcc_s -lgcc /usr/lib/gcc/x86_64-redhat-linux/4.1.2/crtend.o /usr/lib/gcc/x86_64-redhat-linux/4.1.2/../../../../lib64/crtn.o]
    arg [/usr/libexec/gcc/x86_64-redhat-linux/4.1.2/collect2] ==> ignore
    arg [--eh-frame-hdr] ==> ignore
    arg [-m] ==> ignore
    arg [elf_x86_64] ==> ignore
    arg [--hash-style=gnu] ==> ignore
    arg [-export-dynamic] ==> ignore
    arg [-dynamic-linker] ==> ignore
    arg [/lib64/ld-linux-x86-64.so.2] ==> ignore
    arg [-o] ==> ignore
    arg [cmTryCompileExec1324199603] ==> ignore
    arg [/usr/lib/gcc/x86_64-redhat-linux/4.1.2/../../../../lib64/crt1.o] ==> ignore
    arg [/usr/lib/gcc/x86_64-redhat-linux/4.1.2/../../../../lib64/crti.o] ==> ignore
    arg [/usr/lib/gcc/x86_64-redhat-linux/4.1.2/crtbegin.o] ==> ignore
    arg [-L/usr/lib/gcc/x86_64-redhat-linux/4.1.2] ==> dir [/usr/lib/gcc/x86_64-redhat-linux/4.1.2]
    arg [-L/usr/lib/gcc/x86_64-redhat-linux/4.1.2] ==> dir [/usr/lib/gcc/x86_64-redhat-linux/4.1.2]
    arg [-L/usr/lib/gcc/x86_64-redhat-linux/4.1.2/../../../../lib64] ==> dir [/usr/lib/gcc/x86_64-redhat-linux/4.1.2/../../../../lib64]
    arg [-L/lib/../lib64] ==> dir [/lib/../lib64]
    arg [-L/usr/lib/../lib64] ==> dir [/usr/lib/../lib64]
    arg [CMakeFiles/cmTryCompileExec1324199603.dir/CMakeCXXCompilerABI.cpp.o] ==> ignore
    arg [-lstdc++] ==> lib [stdc++]
    arg [-lm] ==> lib [m]
    arg [-lgcc_s] ==> lib [gcc_s]
    arg [-lgcc] ==> lib [gcc]
    arg [-lc] ==> lib [c]
    arg [-lgcc_s] ==> lib [gcc_s]
    arg [-lgcc] ==> lib [gcc]
    arg [/usr/lib/gcc/x86_64-redhat-linux/4.1.2/crtend.o] ==> ignore
    arg [/usr/lib/gcc/x86_64-redhat-linux/4.1.2/../../../../lib64/crtn.o] ==> ignore
  remove lib [gcc_s]
  remove lib [gcc]
  remove lib [gcc_s]
  remove lib [gcc]
  collapse dir [/usr/lib/gcc/x86_64-redhat-linux/4.1.2] ==> [/usr/lib/gcc/x86_64-redhat-linux/4.1.2]
  collapse dir [/usr/lib/gcc/x86_64-redhat-linux/4.1.2] ==> [/usr/lib/gcc/x86_64-redhat-linux/4.1.2]
  collapse dir [/usr/lib/gcc/x86_64-redhat-linux/4.1.2/../../../../lib64] ==> [/usr/lib64]
  collapse dir [/lib/../lib64] ==> [/lib64]
  collapse dir [/usr/lib/../lib64] ==> [/usr/lib64]
  implicit libs: [stdc++;m;c]
  implicit dirs: [/usr/lib/gcc/x86_64-redhat-linux/4.1.2;/usr/lib64;/lib64]


Determining if the include file sys/types.h exists passed with the following output:
Change Dir: /sbia/home/bergman/MASS/MASS_1.1.0/build-centos5/CMakeFiles/CMakeTmp

Run Build Command:/usr/bin/gmake "cmTryCompileExec2632630174/fast"
/usr/bin/gmake -f CMakeFiles/cmTryCompileExec2632630174.dir/build.make CMakeFiles/cmTryCompileExec2632630174.dir/build
gmake[1]: Entering directory `/gpfs/sbia/home/bergman/MASS/MASS_1.1.0/build-centos5/CMakeFiles/CMakeTmp'
/sbia/sbiasfw/external/cmake/centos5/2.8.10.2/bin/cmake -E cmake_progress_report /sbia/home/bergman/MASS/MASS_1.1.0/build-centos5/CMakeFiles/CMakeTmp/CMakeFiles 1
Building C object CMakeFiles/cmTryCompileExec2632630174.dir/CheckIncludeFile.c.o
/usr/bin/cc    -o CMakeFiles/cmTryCompileExec2632630174.dir/CheckIncludeFile.c.o   -c /sbia/home/bergman/MASS/MASS_1.1.0/build-centos5/CMakeFiles/CMakeTmp/CheckIncludeFile.c
Linking C executable cmTryCompileExec2632630174
/sbia/sbiasfw/external/cmake/centos5/2.8.10.2/bin/cmake -E cmake_link_script CMakeFiles/cmTryCompileExec2632630174.dir/link.txt --verbose=1
/usr/bin/cc         CMakeFiles/cmTryCompileExec2632630174.dir/CheckIncludeFile.c.o  -o cmTryCompileExec2632630174 -rdynamic 
gmake[1]: Leaving directory `/gpfs/sbia/home/bergman/MASS/MASS_1.1.0/build-centos5/CMakeFiles/CMakeTmp'


Determining if the include file stdint.h exists passed with the following output:
Change Dir: /sbia/home/bergman/MASS/MASS_1.1.0/build-centos5/CMakeFiles/CMakeTmp

Run Build Command:/usr/bin/gmake "cmTryCompileExec3865634161/fast"
/usr/bin/gmake -f CMakeFiles/cmTryCompileExec3865634161.dir/build.make CMakeFiles/cmTryCompileExec3865634161.dir/build
gmake[1]: Entering directory `/gpfs/sbia/home/bergman/MASS/MASS_1.1.0/build-centos5/CMakeFiles/CMakeTmp'
/sbia/sbiasfw/external/cmake/centos5/2.8.10.2/bin/cmake -E cmake_progress_report /sbia/home/bergman/MASS/MASS_1.1.0/build-centos5/CMakeFiles/CMakeTmp/CMakeFiles 1
Building C object CMakeFiles/cmTryCompileExec3865634161.dir/CheckIncludeFile.c.o
/usr/bin/cc    -o CMakeFiles/cmTryCompileExec3865634161.dir/CheckIncludeFile.c.o   -c /sbia/home/bergman/MASS/MASS_1.1.0/build-centos5/CMakeFiles/CMakeTmp/CheckIncludeFile.c
Linking C executable cmTryCompileExec3865634161
/sbia/sbiasfw/external/cmake/centos5/2.8.10.2/bin/cmake -E cmake_link_script CMakeFiles/cmTryCompileExec3865634161.dir/link.txt --verbose=1
/usr/bin/cc         CMakeFiles/cmTryCompileExec3865634161.dir/CheckIncludeFile.c.o  -o cmTryCompileExec3865634161 -rdynamic 
gmake[1]: Leaving directory `/gpfs/sbia/home/bergman/MASS/MASS_1.1.0/build-centos5/CMakeFiles/CMakeTmp'


Determining if the include file stddef.h exists passed with the following output:
Change Dir: /sbia/home/bergman/MASS/MASS_1.1.0/build-centos5/CMakeFiles/CMakeTmp

Run Build Command:/usr/bin/gmake "cmTryCompileExec2164905674/fast"
/usr/bin/gmake -f CMakeFiles/cmTryCompileExec2164905674.dir/build.make CMakeFiles/cmTryCompileExec2164905674.dir/build
gmake[1]: Entering directory `/gpfs/sbia/home/bergman/MASS/MASS_1.1.0/build-centos5/CMakeFiles/CMakeTmp'
/sbia/sbiasfw/external/cmake/centos5/2.8.10.2/bin/cmake -E cmake_progress_report /sbia/home/bergman/MASS/MASS_1.1.0/build-centos5/CMakeFiles/CMakeTmp/CMakeFiles 1
Building C object CMakeFiles/cmTryCompileExec2164905674.dir/CheckIncludeFile.c.o
/usr/bin/cc    -o CMakeFiles/cmTryCompileExec2164905674.dir/CheckIncludeFile.c.o   -c /sbia/home/bergman/MASS/MASS_1.1.0/build-centos5/CMakeFiles/CMakeTmp/CheckIncludeFile.c
Linking C executable cmTryCompileExec2164905674
/sbia/sbiasfw/external/cmake/centos5/2.8.10.2/bin/cmake -E cmake_link_script CMakeFiles/cmTryCompileExec2164905674.dir/link.txt --verbose=1
/usr/bin/cc         CMakeFiles/cmTryCompileExec2164905674.dir/CheckIncludeFile.c.o  -o cmTryCompileExec2164905674 -rdynamic 
gmake[1]: Leaving directory `/gpfs/sbia/home/bergman/MASS/MASS_1.1.0/build-centos5/CMakeFiles/CMakeTmp'


Determining size of long long passed with the following output:
Change Dir: /sbia/home/bergman/MASS/MASS_1.1.0/build-centos5/CMakeFiles/CMakeTmp

Run Build Command:/usr/bin/gmake "cmTryCompileExec4182972416/fast"
/usr/bin/gmake -f CMakeFiles/cmTryCompileExec4182972416.dir/build.make CMakeFiles/cmTryCompileExec4182972416.dir/build
gmake[1]: Entering directory `/gpfs/sbia/home/bergman/MASS/MASS_1.1.0/build-centos5/CMakeFiles/CMakeTmp'
/sbia/sbiasfw/external/cmake/centos5/2.8.10.2/bin/cmake -E cmake_progress_report /sbia/home/bergman/MASS/MASS_1.1.0/build-centos5/CMakeFiles/CMakeTmp/CMakeFiles 1
Building C object CMakeFiles/cmTryCompileExec4182972416.dir/LONG_LONG.c.o
/usr/bin/cc    -o CMakeFiles/cmTryCompileExec4182972416.dir/LONG_LONG.c.o   -c /sbia/home/bergman/MASS/MASS_1.1.0/build-centos5/CMakeFiles/CheckTypeSize/LONG_LONG.c
Linking C executable cmTryCompileExec4182972416
/sbia/sbiasfw/external/cmake/centos5/2.8.10.2/bin/cmake -E cmake_link_script CMakeFiles/cmTryCompileExec4182972416.dir/link.txt --verbose=1
/usr/bin/cc         CMakeFiles/cmTryCompileExec4182972416.dir/LONG_LONG.c.o  -o cmTryCompileExec4182972416 -rdynamic 
gmake[1]: Leaving directory `/gpfs/sbia/home/bergman/MASS/MASS_1.1.0/build-centos5/CMakeFiles/CMakeTmp'


Determining if the CXX compiler has sstream passed with the following output:
Change Dir: /sbia/home/bergman/MASS/MASS_1.1.0/build-centos5/CMakeFiles/CMakeTmp

Run Build Command:/usr/bin/gmake "cmTryCompileExec436733808/fast"
/usr/bin/gmake -f CMakeFiles/cmTryCompileExec436733808.dir/build.make CMakeFiles/cmTryCompileExec436733808.dir/build
gmake[1]: Entering directory `/gpfs/sbia/home/bergman/MASS/MASS_1.1.0/build-centos5/CMakeFiles/CMakeTmp'
/sbia/sbiasfw/external/cmake/centos5/2.8.10.2/bin/cmake -E cmake_progress_report /sbia/home/bergman/MASS/MASS_1.1.0/build-centos5/CMakeFiles/CMakeTmp/CMakeFiles 1
Building CXX object CMakeFiles/cmTryCompileExec436733808.dir/TestForSSTREAM.cxx.o
/usr/bin/c++     -o CMakeFiles/cmTryCompileExec436733808.dir/TestForSSTREAM.cxx.o -c /sbia/sbiasfw/external/cmake/centos5/2.8.10.2/share/cmake-2.8/Modules/TestForSSTREAM.cxx
Linking CXX executable cmTryCompileExec436733808
/sbia/sbiasfw/external/cmake/centos5/2.8.10.2/bin/cmake -E cmake_link_script CMakeFiles/cmTryCompileExec436733808.dir/link.txt --verbose=1
/usr/bin/c++          CMakeFiles/cmTryCompileExec436733808.dir/TestForSSTREAM.cxx.o  -o cmTryCompileExec436733808 -rdynamic 
gmake[1]: Leaving directory `/gpfs/sbia/home/bergman/MASS/MASS_1.1.0/build-centos5/CMakeFiles/CMakeTmp'


Determining if the include file tr1/tuple exists passed with the following output:
Change Dir: /sbia/home/bergman/MASS/MASS_1.1.0/build-centos5/CMakeFiles/CMakeTmp

Run Build Command:/usr/bin/gmake "cmTryCompileExec340609853/fast"
/usr/bin/gmake -f CMakeFiles/cmTryCompileExec340609853.dir/build.make CMakeFiles/cmTryCompileExec340609853.dir/build
gmake[1]: Entering directory `/gpfs/sbia/home/bergman/MASS/MASS_1.1.0/build-centos5/CMakeFiles/CMakeTmp'
/sbia/sbiasfw/external/cmake/centos5/2.8.10.2/bin/cmake -E cmake_progress_report /sbia/home/bergman/MASS/MASS_1.1.0/build-centos5/CMakeFiles/CMakeTmp/CMakeFiles 1
Building CXX object CMakeFiles/cmTryCompileExec340609853.dir/CheckIncludeFile.cxx.o
/usr/bin/c++     -o CMakeFiles/cmTryCompileExec340609853.dir/CheckIncludeFile.cxx.o -c /sbia/home/bergman/MASS/MASS_1.1.0/build-centos5/CMakeFiles/CMakeTmp/CheckIncludeFile.cxx
Linking CXX executable cmTryCompileExec340609853
/sbia/sbiasfw/external/cmake/centos5/2.8.10.2/bin/cmake -E cmake_link_script CMakeFiles/cmTryCompileExec340609853.dir/link.txt --verbose=1
/usr/bin/c++          CMakeFiles/cmTryCompileExec340609853.dir/CheckIncludeFile.cxx.o  -o cmTryCompileExec340609853 -rdynamic 
gmake[1]: Leaving directory `/gpfs/sbia/home/bergman/MASS/MASS_1.1.0/build-centos5/CMakeFiles/CMakeTmp'


Determining if files pthread.h exist passed with the following output:
Change Dir: /sbia/home/bergman/MASS/MASS_1.1.0/build-centos5/CMakeFiles/CMakeTmp

Run Build Command:/usr/bin/gmake "cmTryCompileExec1203273959/fast"
/usr/bin/gmake -f CMakeFiles/cmTryCompileExec1203273959.dir/build.make CMakeFiles/cmTryCompileExec1203273959.dir/build
gmake[1]: Entering directory `/gpfs/sbia/home/bergman/MASS/MASS_1.1.0/build-centos5/CMakeFiles/CMakeTmp'
/sbia/sbiasfw/external/cmake/centos5/2.8.10.2/bin/cmake -E cmake_progress_report /sbia/home/bergman/MASS/MASS_1.1.0/build-centos5/CMakeFiles/CMakeTmp/CMakeFiles 1
Building C object CMakeFiles/cmTryCompileExec1203273959.dir/CheckIncludeFiles.c.o
/usr/bin/cc    -o CMakeFiles/cmTryCompileExec1203273959.dir/CheckIncludeFiles.c.o   -c /sbia/home/bergman/MASS/MASS_1.1.0/build-centos5/CMakeFiles/CMakeTmp/CheckIncludeFiles.c
Linking C executable cmTryCompileExec1203273959
/sbia/sbiasfw/external/cmake/centos5/2.8.10.2/bin/cmake -E cmake_link_script CMakeFiles/cmTryCompileExec1203273959.dir/link.txt --verbose=1
/usr/bin/cc         CMakeFiles/cmTryCompileExec1203273959.dir/CheckIncludeFiles.c.o  -o cmTryCompileExec1203273959 -rdynamic 
gmake[1]: Leaving directory `/gpfs/sbia/home/bergman/MASS/MASS_1.1.0/build-centos5/CMakeFiles/CMakeTmp'


Determining if the function pthread_create exists in the pthread passed with the following output:
Change Dir: /sbia/home/bergman/MASS/MASS_1.1.0/build-centos5/CMakeFiles/CMakeTmp

Run Build Command:/usr/bin/gmake "cmTryCompileExec1530028980/fast"
/usr/bin/gmake -f CMakeFiles/cmTryCompileExec1530028980.dir/build.make CMakeFiles/cmTryCompileExec1530028980.dir/build
gmake[1]: Entering directory `/gpfs/sbia/home/bergman/MASS/MASS_1.1.0/build-centos5/CMakeFiles/CMakeTmp'
/sbia/sbiasfw/external/cmake/centos5/2.8.10.2/bin/cmake -E cmake_progress_report /sbia/home/bergman/MASS/MASS_1.1.0/build-centos5/CMakeFiles/CMakeTmp/CMakeFiles 1
Building C object CMakeFiles/cmTryCompileExec1530028980.dir/CheckFunctionExists.c.o
/usr/bin/cc   -DCHECK_FUNCTION_EXISTS=pthread_create   -o CMakeFiles/cmTryCompileExec1530028980.dir/CheckFunctionExists.c.o   -c /sbia/sbiasfw/external/cmake/centos5/2.8.10.2/share/cmake-2.8/Modules/CheckFunctionExists.c
Linking C executable cmTryCompileExec1530028980
/sbia/sbiasfw/external/cmake/centos5/2.8.10.2/bin/cmake -E cmake_link_script CMakeFiles/cmTryCompileExec1530028980.dir/link.txt --verbose=1
/usr/bin/cc     -DCHECK_FUNCTION_EXISTS=pthread_create    CMakeFiles/cmTryCompileExec1530028980.dir/CheckFunctionExists.c.o  -o cmTryCompileExec1530028980 -rdynamic -lpthread 
gmake[1]: Leaving directory `/gpfs/sbia/home/bergman/MASS/MASS_1.1.0/build-centos5/CMakeFiles/CMakeTmp'


